<?xml version="1.0" encoding="UTF-8"?>
<!-- Generated by org.testng.reporters.JUnitReportReporter -->
<testsuite hostname="DESKTOP-IBNC21M" failures="0" tests="3" name="com.demoqa1.testcases.TC_0001_TextBox_Test" time="9.172" errors="0" timestamp="2023-09-01T19:48:03 IST" skipped="0">
  <testcase classname="com.demoqa1.testcases.TC_0001_TextBox_Test" name="click_TextBox" time="1.661"/>
  <testcase classname="com.demoqa1.testcases.TC_0001_TextBox_Test" name="fil_TextBox_form" time="3.617"/>
  <testcase classname="com.demoqa1.testcases.TC_0001_TextBox_Test" name="fil_TextBox_form" time="3.894"/>
</testsuite> <!-- com.demoqa1.testcases.TC_0001_TextBox_Test -->
