<?xml version="1.0" encoding="UTF-8"?>
<!-- Generated by org.testng.reporters.JUnitReportReporter -->
<testsuite hostname="DESKTOP-IBNC21M" failures="0" tests="1" name="com.demoqa1.testcases.OpenBrowserAndURL" time="13.713" errors="0" timestamp="2023-09-01T19:48:03 IST" skipped="0">
  <testcase classname="com.demoqa1.testcases.OpenBrowserAndURL" name="openBrowserAndURL" time="13.713"/>
</testsuite> <!-- com.demoqa1.testcases.OpenBrowserAndURL -->
