<?xml version="1.0" encoding="UTF-8"?>
<!-- Generated by org.testng.reporters.JUnitReportReporter -->
<testsuite hostname="DESKTOP-IBNC21M" failures="0" tests="1" name="com.demoqa1.testcases.OpenBrowserAndURL" time="25.623" errors="0" timestamp="2023-09-01T16:18:46 IST" skipped="0">
  <testcase classname="com.demoqa1.testcases.OpenBrowserAndURL" name="openBrowserAndURL" time="25.623"/>
  <system-out/>
</testsuite> <!-- com.demoqa1.testcases.OpenBrowserAndURL -->
