<?xml version="1.0" encoding="UTF-8"?>
<!-- Generated by org.testng.reporters.JUnitReportReporter -->
<testsuite hostname="DESKTOP-IBNC21M" failures="0" tests="1" name="com.demoqa1.testcases.TC_0001_TextBox_Test" time="0.702" errors="0" timestamp="2023-09-01T19:03:22 IST" skipped="0">
  <testcase classname="com.demoqa1.testcases.TC_0001_TextBox_Test" name="click_TextBox" time="0.702"/>
</testsuite> <!-- com.demoqa1.testcases.TC_0001_TextBox_Test -->
